<?xml version="1.0" encoding="UTF-8"?>
<testsuite xmlns:xsi="http://www.w3.org/2001/XMLSchema-instance" xsi:noNamespaceSchemaLocation="https://maven.apache.org/surefire/maven-surefire-plugin/xsd/surefire-test-report-3.0.xsd" version="3.0" name="com.arjuncodes.springbootcrud.SpringbootCrudApplicationTests" time="8.269" tests="1" errors="0" skipped="0" failures="0">
  <properties>
[...]
</properties>
  <testcase name="contextLoads" classname="com.arjuncodes.springbootcrud.SpringbootCrudApplicationTests" time="0.719">
    <system-out><![CDATA[13:09:08.731 [main] INFO org.springframework.test.context.support.AnnotationConfigContextLoaderUtils -- Could not detect default configuration classes for test class [com.arjuncodes.springbootcrud.SpringbootCrudApplicationTests]: SpringbootCrudApplicationTests does not declare any static, non-private, non-final, nested classes annotated with @Configuration.
13:09:08.911 [main] INFO org.springframework.boot.test.context.SpringBootTestContextBootstrapper -- Found @SpringBootConfiguration com.arjuncodes.springbootcrud.SpringbootCrudApplication for test class com.arjuncodes.springbootcrud.SpringbootCrudApplicationTests
  .   ____          _            __ _ _
 /\\ / ___'_ __ _ _(_)_ __  __ _ \ \ \ \
( ( )\___ | '_ | '_| | '_ \/ _` | \ \ \ \
 \\/  ___)| |_)| | | | | || (_| |  ) ) ) )
  '  |____| .__|_| |_|_| |_\__, | / / / /
 =========|_|==============|___/=/_/_/_/

 :: Spring Boot ::       (v3.3.0-SNAPSHOT)

2024-02-19T13:09:09.552+05:30  INFO 51819 --- [           main] c.a.s.SpringbootCrudApplicationTests     : Starting SpringbootCrudApplicationTests using Java 17.0.9 with PID 51819 (started by sujay in /home/sujay/Spring-boot-crud)
2024-02-19T13:09:09.553+05:30  INFO 51819 --- [           main] c.a.s.SpringbootCrudApplicationTests     : No active profile set, falling back to 1 default profile: "default"
2024-02-19T13:09:10.850+05:30  INFO 51819 --- [           main] .s.d.r.c.RepositoryConfigurationDelegate : Bootstrapping Spring Data JPA repositories in DEFAULT mode.
2024-02-19T13:09:10.921+05:30  INFO 51819 --- [           main] .s.d.r.c.RepositoryConfigurationDelegate : Finished Spring Data repository scanning in 58 ms. Found 1 JPA repository interface.
2024-02-19T13:09:11.579+05:30  INFO 51819 --- [           main] o.hibernate.jpa.internal.util.LogHelper  : HHH000204: Processing PersistenceUnitInfo [name: default]
2024-02-19T13:09:11.670+05:30  INFO 51819 --- [           main] org.hibernate.Version                    : HHH000412: Hibernate ORM core version 6.4.1.Final
2024-02-19T13:09:11.725+05:30  INFO 51819 --- [           main] o.h.c.internal.RegionFactoryInitiator    : HHH000026: Second-level cache disabled
2024-02-19T13:09:12.077+05:30  INFO 51819 --- [           main] o.s.o.j.p.SpringPersistenceUnitInfo      : No LoadTimeWeaver setup: ignoring JPA class transformer
2024-02-19T13:09:12.113+05:30  INFO 51819 --- [           main] com.zaxxer.hikari.HikariDataSource       : HikariPool-1 - Starting...
2024-02-19T13:09:12.703+05:30  INFO 51819 --- [           main] com.zaxxer.hikari.pool.HikariPool        : HikariPool-1 - Added connection com.mysql.cj.jdbc.ConnectionImpl@4fd80300
2024-02-19T13:09:12.706+05:30  INFO 51819 --- [           main] com.zaxxer.hikari.HikariDataSource       : HikariPool-1 - Start completed.
2024-02-19T13:09:12.819+05:30  WARN 51819 --- [           main] org.hibernate.dialect.Dialect            : HHH000511: The 5.7.44 version for [org.hibernate.dialect.MySQLDialect] is no longer supported, hence certain features may not work properly. The minimum supported version is 8.0.0. Check the community dialects project for available legacy versions.
2024-02-19T13:09:14.508+05:30  INFO 51819 --- [           main] o.h.e.t.j.p.i.JtaPlatformInitiator       : HHH000489: No JTA platform available (set 'hibernate.transaction.jta.platform' to enable JTA platform integration)
2024-02-19T13:09:14.641+05:30  INFO 51819 --- [           main] j.LocalContainerEntityManagerFactoryBean : Initialized JPA EntityManagerFactory for persistence unit 'default'
2024-02-19T13:09:15.212+05:30  WARN 51819 --- [           main] JpaBaseConfiguration$JpaWebConfiguration : spring.jpa.open-in-view is enabled by default. Therefore, database queries may be performed during view rendering. Explicitly configure spring.jpa.open-in-view to disable this warning
2024-02-19T13:09:15.985+05:30  INFO 51819 --- [           main] c.a.s.SpringbootCrudApplicationTests     : Started SpringbootCrudApplicationTests in 6.815 seconds (process running for 8.552)
]]></system-out>
  </testcase>
</testsuite>